<?xml version="1.0" encoding="UTF-8"?>
<testng-results ignored="0" total="1" passed="1" failed="0" skipped="0">
  <reporter-output>
  </reporter-output>
  <suite started-at="2019-10-17T19:34:11 IST" name="Default suite" finished-at="2019-10-17T19:34:33 IST" duration-ms="21806">
    <groups>
    </groups>
    <test started-at="2019-10-17T19:34:11 IST" name="Default test" finished-at="2019-10-17T19:34:33 IST" duration-ms="21806">
      <class name="com.atmecs.atmecs.testscript.TestAllPageFooter">
        <test-method is-config="true" signature="launchBrowser()[pri:0, instance:com.atmecs.atmecs.testscript.TestAllPageFooter@7ee955a8]" started-at="2019-10-17T19:34:11 IST" name="launchBrowser" finished-at="2019-10-17T19:34:29 IST" duration-ms="18199" status="PASS">
          <reporter-output>
          </reporter-output>
        </test-method> <!-- launchBrowser -->
        <test-method signature="validateFooter(java.lang.String, java.lang.String, java.lang.String, java.lang.String)[pri:0, instance:com.atmecs.atmecs.testscript.TestAllPageFooter@7ee955a8]" started-at="2019-10-17T19:34:30 IST" name="validateFooter" data-provider="footerContent" finished-at="2019-10-17T19:34:33 IST" duration-ms="2298" status="PASS">
          <params>
            <param index="0">
              <value>
                <![CDATA[Sitemap
Home
About Us
Services
Partners
Case Studies old
News
Careers
Contact Us]]>
              </value>
            </param>
            <param index="1">
              <value>
                <![CDATA[Services
Artificial Intelligence / Machine Learning
Augmented Reality / Virtual Reality
Quality Engineering
Blockchain
Robotic Process Automation & ChatBOTs
Cloud Services
Enterprise Analytics
Internet of Things
Mobile Computing
Product Engineering]]>
              </value>
            </param>
            <param index="2">
              <value>
                <![CDATA[Careers
Automation Engineer
DevOps Engineer
Senior .NET Engineer
Senior Java/J2EE Engineer
]]>
              </value>
            </param>
            <param index="3">
              <value>
                <![CDATA[Contact Us
US Headquarters
US R&D Center
India – Hyderabad
India – Bangalore
India – Chennai
info@atmecs.com
Europe – Ireland]]>
              </value>
            </param>
          </params>
          <reporter-output>
          </reporter-output>
        </test-method> <!-- validateFooter -->
        <test-method is-config="true" signature="closeBrwser()[pri:0, instance:com.atmecs.atmecs.testscript.TestAllPageFooter@7ee955a8]" started-at="2019-10-17T19:34:33 IST" name="closeBrwser" finished-at="2019-10-17T19:34:33 IST" duration-ms="239" status="PASS">
          <reporter-output>
          </reporter-output>
        </test-method> <!-- closeBrwser -->
      </class> <!-- com.atmecs.atmecs.testscript.TestAllPageFooter -->
    </test> <!-- Default test -->
  </suite> <!-- Default suite -->
</testng-results>
